<?xml version="1.0" encoding="UTF-8"?>
<testsuite xmlns:xsi="http://www.w3.org/2001/XMLSchema-instance" xsi:noNamespaceSchemaLocation="https://maven.apache.org/surefire/maven-surefire-plugin/xsd/surefire-test-report.xsd" version="3.0.2" name="pe.du.vallegrande.Vaccine.VaccineApplicationTests" time="10.601" tests="1" errors="0" skipped="0" failures="0">
  <properties>
[...]
</properties>
  <testcase name="contextLoads" classname="pe.du.vallegrande.Vaccine.VaccineApplicationTests" time="1.82">
    <system-out><![CDATA[18:04:54.040 [main] INFO org.springframework.test.context.support.AnnotationConfigContextLoaderUtils -- Could not detect default configuration classes for test class [pe.du.vallegrande.Vaccine.VaccineApplicationTests]: VaccineApplicationTests does not declare any static, non-private, non-final, nested classes annotated with @Configuration.
18:04:54.419 [main] INFO org.springframework.boot.test.context.SpringBootTestContextBootstrapper -- Found @SpringBootConfiguration pe.du.vallegrande.Vaccine.VaccineApplication for test class pe.du.vallegrande.Vaccine.VaccineApplicationTests
18:04:54.903 [main] INFO org.springframework.boot.devtools.restart.RestartApplicationListener -- Restart disabled due to context in which it is running

  .   ____          _            __ _ _
 /\\ / ___'_ __ _ _(_)_ __  __ _ \ \ \ \
( ( )\___ | '_ | '_| | '_ \/ _` | \ \ \ \
 \\/  ___)| |_)| | | | | || (_| |  ) ) ) )
  '  |____| .__|_| |_|_| |_\__, | / / / /
 =========|_|==============|___/=/_/_/_/

 :: Spring Boot ::                (v3.4.3)

2025-05-01T18:04:55.871-05:00  INFO 14556 --- [Vaccine] [           main] p.d.v.Vaccine.VaccineApplicationTests    : Starting VaccineApplicationTests using Java 17.0.9 with PID 14556 (started by julia in C:\Users\julia\Desktop\vacunas)
2025-05-01T18:04:55.874-05:00  INFO 14556 --- [Vaccine] [           main] p.d.v.Vaccine.VaccineApplicationTests    : No active profile set, falling back to 1 default profile: "default"
2025-05-01T18:04:58.471-05:00  INFO 14556 --- [Vaccine] [           main] .s.d.r.c.RepositoryConfigurationDelegate : Bootstrapping Spring Data R2DBC repositories in DEFAULT mode.
2025-05-01T18:04:58.821-05:00  INFO 14556 --- [Vaccine] [           main] .s.d.r.c.RepositoryConfigurationDelegate : Finished Spring Data repository scanning in 336 ms. Found 1 R2DBC repository interface.
2025-05-01T18:05:01.095-05:00  INFO 14556 --- [Vaccine] [           main] o.s.v.b.OptionalValidatorFactoryBean     : Failed to set up a Bean Validation provider: jakarta.validation.NoProviderFoundException: Unable to create a Configuration, because no Jakarta Bean Validation provider could be found. Add a provider like Hibernate Validator (RI) to your classpath.
2025-05-01T18:05:02.124-05:00  INFO 14556 --- [Vaccine] [           main] p.d.v.Vaccine.VaccineApplicationTests    : Started VaccineApplicationTests in 7.259 seconds (process running for 10.505)
]]></system-out>
  </testcase>
</testsuite>